{"D:\\Documentos\\INATEL\\Materias 2023\\1o Semestre\\C214 (Engenharia de Software)\\Lab\\Relatorio 3 (Tarefa 5 - API)\\src\\app.js": {"path":"D:\\Documentos\\INATEL\\Materias 2023\\1o Semestre\\C214 (Engenharia de Software)\\Lab\\Relatorio 3 (Tarefa 5 - API)\\src\\app.js","statementMap":{"0":{"start":{"line":1,"column":16},"end":{"line":1,"column":34}},"1":{"start":{"line":2,"column":18},"end":{"line":2,"column":54}},"2":{"start":{"line":3,"column":15},"end":{"line":3,"column":47}},"3":{"start":{"line":5,"column":12},"end":{"line":5,"column":21}},"4":{"start":{"line":7,"column":13},"end":{"line":7,"column":37}},"5":{"start":{"line":9,"column":0},"end":{"line":9,"column":24}},"6":{"start":{"line":12,"column":0},"end":{"line":43,"column":3}},"7":{"start":{"line":13,"column":2},"end":{"line":15,"column":4}},"8":{"start":{"line":14,"column":4},"end":{"line":14,"column":137}},"9":{"start":{"line":17,"column":2},"end":{"line":27,"column":4}},"10":{"start":{"line":18,"column":4},"end":{"line":26,"column":6}},"11":{"start":{"line":29,"column":2},"end":{"line":29,"column":33}},"12":{"start":{"line":31,"column":2},"end":{"line":42,"column":7}},"13":{"start":{"line":32,"column":10},"end":{"line":41,"column":13}},"14":{"start":{"line":45,"column":0},"end":{"line":45,"column":29}}},"fnMap":{"0":{"name":"(anonymous_0)","decl":{"start":{"line":12,"column":23},"end":{"line":12,"column":24}},"loc":{"start":{"line":12,"column":29},"end":{"line":43,"column":1}},"line":12},"1":{"name":"(anonymous_1)","decl":{"start":{"line":13,"column":15},"end":{"line":13,"column":16}},"loc":{"start":{"line":13,"column":35},"end":{"line":15,"column":3}},"line":13},"2":{"name":"(anonymous_2)","decl":{"start":{"line":17,"column":18},"end":{"line":17,"column":19}},"loc":{"start":{"line":17,"column":38},"end":{"line":27,"column":3}},"line":17},"3":{"name":"(anonymous_3)","decl":{"start":{"line":31,"column":10},"end":{"line":31,"column":11}},"loc":{"start":{"line":31,"column":29},"end":{"line":42,"column":5}},"line":31}},"branchMap":{"0":{"loc":{"start":{"line":7,"column":13},"end":{"line":7,"column":37}},"type":"binary-expr","locations":[{"start":{"line":7,"column":13},"end":{"line":7,"column":29}},{"start":{"line":7,"column":33},"end":{"line":7,"column":37}}],"line":7}},"s":{"0":1,"1":1,"2":1,"3":1,"4":1,"5":1,"6":1,"7":0,"8":0,"9":0,"10":0,"11":0,"12":0,"13":0,"14":1},"f":{"0":0,"1":0,"2":0,"3":0},"b":{"0":[1,1]},"_coverageSchema":"1a1c01bbd47fc00a2c39e90264f33305004495a9","hash":"e01d733bb6462a2f414f799441790938db33ef09"}
,"D:\\Documentos\\INATEL\\Materias 2023\\1o Semestre\\C214 (Engenharia de Software)\\Lab\\Relatorio 3 (Tarefa 5 - API)\\src\\config\\database-connect.js": {"path":"D:\\Documentos\\INATEL\\Materias 2023\\1o Semestre\\C214 (Engenharia de Software)\\Lab\\Relatorio 3 (Tarefa 5 - API)\\src\\config\\database-connect.js","statementMap":{"0":{"start":{"line":1,"column":22},"end":{"line":1,"column":42}},"1":{"start":{"line":3,"column":18},"end":{"line":6,"column":2}},"2":{"start":{"line":9,"column":4},"end":{"line":14,"column":5}},"3":{"start":{"line":10,"column":8},"end":{"line":10,"column":39}},"4":{"start":{"line":11,"column":8},"end":{"line":11,"column":47}},"5":{"start":{"line":13,"column":8},"end":{"line":13,"column":54}},"6":{"start":{"line":17,"column":0},"end":{"line":17,"column":8}},"7":{"start":{"line":19,"column":0},"end":{"line":19,"column":26}}},"fnMap":{"0":{"name":"start","decl":{"start":{"line":8,"column":15},"end":{"line":8,"column":20}},"loc":{"start":{"line":8,"column":22},"end":{"line":15,"column":1}},"line":8}},"branchMap":{},"s":{"0":1,"1":1,"2":1,"3":1,"4":0,"5":0,"6":1,"7":1},"f":{"0":1},"b":{},"_coverageSchema":"1a1c01bbd47fc00a2c39e90264f33305004495a9","hash":"7cb205ab35b53c51bae70b1d600fb79bf4fc305a"}
,"D:\\Documentos\\INATEL\\Materias 2023\\1o Semestre\\C214 (Engenharia de Software)\\Lab\\Relatorio 3 (Tarefa 5 - API)\\src\\controllers\\FilmeController.js": {"path":"D:\\Documentos\\INATEL\\Materias 2023\\1o Semestre\\C214 (Engenharia de Software)\\Lab\\Relatorio 3 (Tarefa 5 - API)\\src\\controllers\\FilmeController.js","statementMap":{"0":{"start":{"line":1,"column":14},"end":{"line":1,"column":40}},"1":{"start":{"line":5,"column":0},"end":{"line":94,"column":1}},"2":{"start":{"line":7,"column":8},"end":{"line":14,"column":9}},"3":{"start":{"line":8,"column":27},"end":{"line":8,"column":48}},"4":{"start":{"line":9,"column":12},"end":{"line":9,"column":52}},"5":{"start":{"line":11,"column":12},"end":{"line":11,"column":59}},"6":{"start":{"line":13,"column":12},"end":{"line":13,"column":27}},"7":{"start":{"line":18,"column":23},"end":{"line":18,"column":33}},"8":{"start":{"line":20,"column":8},"end":{"line":29,"column":9}},"9":{"start":{"line":21,"column":26},"end":{"line":23,"column":15}},"10":{"start":{"line":24,"column":12},"end":{"line":24,"column":51}},"11":{"start":{"line":26,"column":12},"end":{"line":26,"column":59}},"12":{"start":{"line":28,"column":12},"end":{"line":28,"column":27}},"13":{"start":{"line":33,"column":8},"end":{"line":50,"column":9}},"14":{"start":{"line":34,"column":30},"end":{"line":38,"column":14}},"15":{"start":{"line":40,"column":12},"end":{"line":43,"column":15}},"16":{"start":{"line":45,"column":12},"end":{"line":45,"column":34}},"17":{"start":{"line":47,"column":12},"end":{"line":47,"column":59}},"18":{"start":{"line":49,"column":12},"end":{"line":49,"column":27}},"19":{"start":{"line":54,"column":23},"end":{"line":54,"column":33}},"20":{"start":{"line":55,"column":28},"end":{"line":55,"column":66}},"21":{"start":{"line":57,"column":8},"end":{"line":71,"column":9}},"22":{"start":{"line":58,"column":30},"end":{"line":60,"column":15}},"23":{"start":{"line":62,"column":12},"end":{"line":66,"column":13}},"24":{"start":{"line":63,"column":16},"end":{"line":63,"column":98}},"25":{"start":{"line":65,"column":16},"end":{"line":65,"column":94}},"26":{"start":{"line":68,"column":12},"end":{"line":68,"column":59}},"27":{"start":{"line":70,"column":12},"end":{"line":70,"column":27}},"28":{"start":{"line":75,"column":23},"end":{"line":75,"column":33}},"29":{"start":{"line":77,"column":8},"end":{"line":92,"column":9}},"30":{"start":{"line":78,"column":26},"end":{"line":80,"column":15}},"31":{"start":{"line":82,"column":12},"end":{"line":86,"column":13}},"32":{"start":{"line":83,"column":16},"end":{"line":83,"column":93}},"33":{"start":{"line":85,"column":16},"end":{"line":85,"column":89}},"34":{"start":{"line":89,"column":12},"end":{"line":89,"column":59}},"35":{"start":{"line":91,"column":12},"end":{"line":91,"column":27}}},"fnMap":{"0":{"name":"(anonymous_0)","decl":{"start":{"line":6,"column":4},"end":{"line":6,"column":5}},"loc":{"start":{"line":6,"column":38},"end":{"line":15,"column":5}},"line":6},"1":{"name":"(anonymous_1)","decl":{"start":{"line":17,"column":4},"end":{"line":17,"column":5}},"loc":{"start":{"line":17,"column":35},"end":{"line":30,"column":5}},"line":17},"2":{"name":"(anonymous_2)","decl":{"start":{"line":32,"column":4},"end":{"line":32,"column":5}},"loc":{"start":{"line":32,"column":32},"end":{"line":51,"column":5}},"line":32},"3":{"name":"(anonymous_3)","decl":{"start":{"line":53,"column":4},"end":{"line":53,"column":5}},"loc":{"start":{"line":53,"column":34},"end":{"line":72,"column":5}},"line":53},"4":{"name":"(anonymous_4)","decl":{"start":{"line":74,"column":4},"end":{"line":74,"column":5}},"loc":{"start":{"line":74,"column":32},"end":{"line":93,"column":5}},"line":74}},"branchMap":{"0":{"loc":{"start":{"line":62,"column":12},"end":{"line":66,"column":13}},"type":"if","locations":[{"start":{"line":62,"column":12},"end":{"line":66,"column":13}},{"start":{"line":64,"column":19},"end":{"line":66,"column":13}}],"line":62},"1":{"loc":{"start":{"line":82,"column":12},"end":{"line":86,"column":13}},"type":"if","locations":[{"start":{"line":82,"column":12},"end":{"line":86,"column":13}},{"start":{"line":84,"column":19},"end":{"line":86,"column":13}}],"line":82}},"s":{"0":1,"1":1,"2":1,"3":1,"4":1,"5":1,"6":1,"7":0,"8":0,"9":0,"10":0,"11":0,"12":0,"13":0,"14":0,"15":0,"16":0,"17":0,"18":0,"19":0,"20":0,"21":0,"22":0,"23":0,"24":0,"25":0,"26":0,"27":0,"28":0,"29":0,"30":0,"31":0,"32":0,"33":0,"34":0,"35":0},"f":{"0":1,"1":0,"2":0,"3":0,"4":0},"b":{"0":[0,0],"1":[0,0]},"_coverageSchema":"1a1c01bbd47fc00a2c39e90264f33305004495a9","hash":"1e7dedd21ffd942b4aa4b693ead45015a76c5681"}
,"D:\\Documentos\\INATEL\\Materias 2023\\1o Semestre\\C214 (Engenharia de Software)\\Lab\\Relatorio 3 (Tarefa 5 - API)\\src\\models\\Filme.js": {"path":"D:\\Documentos\\INATEL\\Materias 2023\\1o Semestre\\C214 (Engenharia de Software)\\Lab\\Relatorio 3 (Tarefa 5 - API)\\src\\models\\Filme.js","statementMap":{"0":{"start":{"line":1,"column":46},"end":{"line":1,"column":66}},"1":{"start":{"line":2,"column":18},"end":{"line":2,"column":55}},"2":{"start":{"line":6,"column":0},"end":{"line":73,"column":2}},"3":{"start":{"line":63,"column":16},"end":{"line":65,"column":17}},"4":{"start":{"line":64,"column":20},"end":{"line":64,"column":95}},"5":{"start":{"line":75,"column":0},"end":{"line":75,"column":23}}},"fnMap":{"0":{"name":"(anonymous_0)","decl":{"start":{"line":62,"column":12},"end":{"line":62,"column":13}},"loc":{"start":{"line":62,"column":29},"end":{"line":66,"column":13}},"line":62}},"branchMap":{"0":{"loc":{"start":{"line":63,"column":16},"end":{"line":65,"column":17}},"type":"if","locations":[{"start":{"line":63,"column":16},"end":{"line":65,"column":17}},{"start":{},"end":{}}],"line":63}},"s":{"0":1,"1":1,"2":1,"3":0,"4":0,"5":1},"f":{"0":0},"b":{"0":[0,0]},"_coverageSchema":"1a1c01bbd47fc00a2c39e90264f33305004495a9","hash":"8426a4df9328a084620d0dc64aa7cdde8c9cec75"}
,"D:\\Documentos\\INATEL\\Materias 2023\\1o Semestre\\C214 (Engenharia de Software)\\Lab\\Relatorio 3 (Tarefa 5 - API)\\src\\routes\\index.routes.js": {"path":"D:\\Documentos\\INATEL\\Materias 2023\\1o Semestre\\C214 (Engenharia de Software)\\Lab\\Relatorio 3 (Tarefa 5 - API)\\src\\routes\\index.routes.js","statementMap":{"0":{"start":{"line":1,"column":16},"end":{"line":1,"column":34}},"1":{"start":{"line":2,"column":24},"end":{"line":2,"column":65}},"2":{"start":{"line":3,"column":15},"end":{"line":3,"column":31}},"3":{"start":{"line":5,"column":0},"end":{"line":5,"column":58}},"4":{"start":{"line":6,"column":0},"end":{"line":6,"column":58}},"5":{"start":{"line":7,"column":0},"end":{"line":7,"column":53}},"6":{"start":{"line":8,"column":0},"end":{"line":8,"column":59}},"7":{"start":{"line":9,"column":0},"end":{"line":9,"column":58}},"8":{"start":{"line":11,"column":0},"end":{"line":11,"column":24}}},"fnMap":{},"branchMap":{},"s":{"0":1,"1":1,"2":1,"3":1,"4":1,"5":1,"6":1,"7":1,"8":1},"f":{},"b":{},"_coverageSchema":"1a1c01bbd47fc00a2c39e90264f33305004495a9","hash":"6a80abb4161ac3f551562a8a940370520bbcb4cc"}
}
