TN:
SF:src\app.js
FN:12,(anonymous_0)
FN:13,(anonymous_1)
FN:17,(anonymous_2)
FN:31,(anonymous_3)
FNF:4
FNH:0
FNDA:0,(anonymous_0)
FNDA:0,(anonymous_1)
FNDA:0,(anonymous_2)
FNDA:0,(anonymous_3)
DA:1,1
DA:2,1
DA:3,1
DA:5,1
DA:7,1
DA:9,1
DA:12,1
DA:13,0
DA:14,0
DA:17,0
DA:18,0
DA:29,0
DA:31,0
DA:32,0
DA:45,1
LF:15
LH:8
BRDA:7,0,0,1
BRDA:7,0,1,1
BRF:2
BRH:2
end_of_record
TN:
SF:src\config\database-connect.js
FN:8,start
FNF:1
FNH:1
FNDA:1,start
DA:1,1
DA:3,1
DA:9,1
DA:10,1
DA:11,0
DA:13,0
DA:17,1
DA:19,1
LF:8
LH:6
BRF:0
BRH:0
end_of_record
TN:
SF:src\controllers\FilmeController.js
FN:6,(anonymous_0)
FN:17,(anonymous_1)
FN:32,(anonymous_2)
FN:53,(anonymous_3)
FN:74,(anonymous_4)
FNF:5
FNH:1
FNDA:1,(anonymous_0)
FNDA:0,(anonymous_1)
FNDA:0,(anonymous_2)
FNDA:0,(anonymous_3)
FNDA:0,(anonymous_4)
DA:1,1
DA:5,1
DA:7,1
DA:8,1
DA:9,1
DA:11,1
DA:13,1
DA:18,0
DA:20,0
DA:21,0
DA:24,0
DA:26,0
DA:28,0
DA:33,0
DA:34,0
DA:40,0
DA:45,0
DA:47,0
DA:49,0
DA:54,0
DA:55,0
DA:57,0
DA:58,0
DA:62,0
DA:63,0
DA:65,0
DA:68,0
DA:70,0
DA:75,0
DA:77,0
DA:78,0
DA:82,0
DA:83,0
DA:85,0
DA:89,0
DA:91,0
LF:36
LH:7
BRDA:62,0,0,0
BRDA:62,0,1,0
BRDA:82,1,0,0
BRDA:82,1,1,0
BRF:4
BRH:0
end_of_record
TN:
SF:src\models\Filme.js
FN:62,(anonymous_0)
FNF:1
FNH:0
FNDA:0,(anonymous_0)
DA:1,1
DA:2,1
DA:6,1
DA:63,0
DA:64,0
DA:75,1
LF:6
LH:4
BRDA:63,0,0,0
BRDA:63,0,1,0
BRF:2
BRH:0
end_of_record
TN:
SF:src\routes\index.routes.js
FNF:0
FNH:0
DA:1,1
DA:2,1
DA:3,1
DA:5,1
DA:6,1
DA:7,1
DA:8,1
DA:9,1
DA:11,1
LF:9
LH:9
BRF:0
BRH:0
end_of_record
